<?xml version="1.0" encoding="UTF-8"?>
<testsuite xmlns:xsi="http://www.w3.org/2001/XMLSchema-instance" xsi:noNamespaceSchemaLocation="https://maven.apache.org/surefire/maven-surefire-plugin/xsd/surefire-test-report-3.0.xsd" version="3.0" name="cucumber.Options.TestRunner" time="45.133" tests="2" errors="2" skipped="0" failures="0">
  <properties>
[...]
</properties>
  <testcase name="Verify if user is able to login with loginAPI" classname="Login and User profile info testing of Compucom connect API&apos;s" time="23.241">
    <error message="Connection timed out: connect" type="java.net.ConnectException"><![CDATA[java.net.ConnectException: Connection timed out: connect
]]></error>
    <system-err><![CDATA[May 30, 2021 4:13:41 PM cucumber.runtime.filter.TagExpressionOld isOldTagExpression
WARNING: Found tags option '@smoke,~@regression'. Support for '@tag1,@tag2' will be removed from the next release of Cucumber-JVM. Please use '@tag or @tag2' instead
May 30, 2021 4:13:41 PM cucumber.runtime.filter.TagExpressionOld isOldTagExpression
WARNING: Found tags option '@smoke,~@regression'. Support for '~@tag' will be removed from the next release of Cucumber-JVM. Please use 'not @tag' instead.
log4j:WARN No appenders could be found for logger (org.apache.http.impl.conn.BasicClientConnectionManager).
log4j:WARN Please initialize the log4j system properly.
log4j:WARN See http://logging.apache.org/log4j/1.2/faq.html#noconfig for more info.
]]></system-err>
  </testcase>
  <testcase name="Verify if user is able to logout with logoutAPI" classname="Logout testing of Compucom connect API&apos;s" time="21.04">
    <error message="Connection timed out: connect" type="java.net.ConnectException"><![CDATA[java.net.ConnectException: Connection timed out: connect
]]></error>
  </testcase>
</testsuite>